<?xml version="1.0" encoding="UTF-8"?>
<testsuite name="com.cccr.abocado.AbocadoApplicationTests" tests="1" skipped="0" failures="0" errors="0" timestamp="2020-09-29T15:35:08" hostname="Damian" time="0.574">
  <properties/>
  <testcase name="contextLoads()" classname="com.cccr.abocado.AbocadoApplicationTests" time="0.574"/>
  <system-out><![CDATA[00:35:03.818 [Test worker] DEBUG org.springframework.test.context.BootstrapUtils - Instantiating CacheAwareContextLoaderDelegate from class [org.springframework.test.context.cache.DefaultCacheAwareContextLoaderDelegate]
00:35:03.865 [Test worker] DEBUG org.springframework.test.context.BootstrapUtils - Instantiating BootstrapContext using constructor [public org.springframework.test.context.support.DefaultBootstrapContext(java.lang.Class,org.springframework.test.context.CacheAwareContextLoaderDelegate)]
00:35:03.932 [Test worker] DEBUG org.springframework.test.context.BootstrapUtils - Instantiating TestContextBootstrapper for test class [com.cccr.abocado.AbocadoApplicationTests] from class [org.springframework.boot.test.context.SpringBootTestContextBootstrapper]
00:35:03.957 [Test worker] INFO org.springframework.boot.test.context.SpringBootTestContextBootstrapper - Neither @ContextConfiguration nor @ContextHierarchy found for test class [com.cccr.abocado.AbocadoApplicationTests], using SpringBootContextLoader
00:35:03.964 [Test worker] DEBUG org.springframework.test.context.support.AbstractContextLoader - Did not detect default resource location for test class [com.cccr.abocado.AbocadoApplicationTests]: class path resource [com/cccr/abocado/AbocadoApplicationTests-context.xml] does not exist
00:35:03.967 [Test worker] DEBUG org.springframework.test.context.support.AbstractContextLoader - Did not detect default resource location for test class [com.cccr.abocado.AbocadoApplicationTests]: class path resource [com/cccr/abocado/AbocadoApplicationTestsContext.groovy] does not exist
00:35:03.968 [Test worker] INFO org.springframework.test.context.support.AbstractContextLoader - Could not detect default resource locations for test class [com.cccr.abocado.AbocadoApplicationTests]: no resource found for suffixes {-context.xml, Context.groovy}.
00:35:03.974 [Test worker] INFO org.springframework.test.context.support.AnnotationConfigContextLoaderUtils - Could not detect default configuration classes for test class [com.cccr.abocado.AbocadoApplicationTests]: AbocadoApplicationTests does not declare any static, non-private, non-final, nested classes annotated with @Configuration.
00:35:04.068 [Test worker] DEBUG org.springframework.test.context.support.ActiveProfilesUtils - Could not find an 'annotation declaring class' for annotation type [org.springframework.test.context.ActiveProfiles] and class [com.cccr.abocado.AbocadoApplicationTests]
00:35:04.175 [Test worker] DEBUG org.springframework.context.annotation.ClassPathScanningCandidateComponentProvider - Identified candidate component class: file [/home/demian/Desktop/abocado-main-prj/abocado-web/build/classes/java/main/com/cccr/abocado/AbocadoApplication.class]
00:35:04.177 [Test worker] INFO org.springframework.boot.test.context.SpringBootTestContextBootstrapper - Found @SpringBootConfiguration com.cccr.abocado.AbocadoApplication for test class com.cccr.abocado.AbocadoApplicationTests
00:35:04.310 [Test worker] DEBUG org.springframework.boot.test.context.SpringBootTestContextBootstrapper - @TestExecutionListeners is not present for class [com.cccr.abocado.AbocadoApplicationTests]: using defaults.
00:35:04.311 [Test worker] INFO org.springframework.boot.test.context.SpringBootTestContextBootstrapper - Loaded default TestExecutionListener class names from location [META-INF/spring.factories]: [org.springframework.boot.test.autoconfigure.restdocs.RestDocsTestExecutionListener, org.springframework.boot.test.autoconfigure.web.client.MockRestServiceServerResetTestExecutionListener, org.springframework.boot.test.autoconfigure.web.servlet.MockMvcPrintOnlyOnFailureTestExecutionListener, org.springframework.boot.test.autoconfigure.web.servlet.WebDriverTestExecutionListener, org.springframework.boot.test.autoconfigure.webservices.client.MockWebServiceServerTestExecutionListener, org.springframework.boot.test.mock.mockito.MockitoTestExecutionListener, org.springframework.boot.test.mock.mockito.ResetMocksTestExecutionListener, org.springframework.test.context.web.ServletTestExecutionListener, org.springframework.test.context.support.DirtiesContextBeforeModesTestExecutionListener, org.springframework.test.context.support.DependencyInjectionTestExecutionListener, org.springframework.test.context.support.DirtiesContextTestExecutionListener, org.springframework.test.context.transaction.TransactionalTestExecutionListener, org.springframework.test.context.jdbc.SqlScriptsTestExecutionListener, org.springframework.test.context.event.EventPublishingTestExecutionListener]
00:35:04.328 [Test worker] DEBUG org.springframework.boot.test.context.SpringBootTestContextBootstrapper - Skipping candidate TestExecutionListener [org.springframework.test.context.transaction.TransactionalTestExecutionListener] due to a missing dependency. Specify custom listener classes or make the default listener classes and their required dependencies available. Offending class: [org/springframework/transaction/interceptor/TransactionAttributeSource]
00:35:04.329 [Test worker] DEBUG org.springframework.boot.test.context.SpringBootTestContextBootstrapper - Skipping candidate TestExecutionListener [org.springframework.test.context.jdbc.SqlScriptsTestExecutionListener] due to a missing dependency. Specify custom listener classes or make the default listener classes and their required dependencies available. Offending class: [org/springframework/transaction/interceptor/TransactionAttribute]
00:35:04.330 [Test worker] INFO org.springframework.boot.test.context.SpringBootTestContextBootstrapper - Using TestExecutionListeners: [org.springframework.test.context.web.ServletTestExecutionListener@4a909cf2, org.springframework.test.context.support.DirtiesContextBeforeModesTestExecutionListener@1ea7c532, org.springframework.boot.test.mock.mockito.MockitoTestExecutionListener@7afcdf5d, org.springframework.boot.test.autoconfigure.SpringBootDependencyInjectionTestExecutionListener@515f6374, org.springframework.test.context.support.DirtiesContextTestExecutionListener@1fe612a1, org.springframework.test.context.event.EventPublishingTestExecutionListener@3f48da3a, org.springframework.boot.test.autoconfigure.restdocs.RestDocsTestExecutionListener@23d2fcb9, org.springframework.boot.test.autoconfigure.web.client.MockRestServiceServerResetTestExecutionListener@93c7f74, org.springframework.boot.test.autoconfigure.web.servlet.MockMvcPrintOnlyOnFailureTestExecutionListener@26e007e8, org.springframework.boot.test.autoconfigure.web.servlet.WebDriverTestExecutionListener@5f809004, org.springframework.boot.test.autoconfigure.webservices.client.MockWebServiceServerTestExecutionListener@6b038879, org.springframework.boot.test.mock.mockito.ResetMocksTestExecutionListener@1ae9db2]
00:35:04.336 [Test worker] DEBUG org.springframework.test.context.support.AbstractDirtiesContextTestExecutionListener - Before test class: context [DefaultTestContext@4e24353c testClass = AbocadoApplicationTests, testInstance = [null], testMethod = [null], testException = [null], mergedContextConfiguration = [WebMergedContextConfiguration@4182cbfc testClass = AbocadoApplicationTests, locations = '{}', classes = '{class com.cccr.abocado.AbocadoApplication}', contextInitializerClasses = '[]', activeProfiles = '{}', propertySourceLocations = '{}', propertySourceProperties = '{org.springframework.boot.test.context.SpringBootTestContextBootstrapper=true}', contextCustomizers = set[org.springframework.boot.test.autoconfigure.properties.PropertyMappingContextCustomizer@0, org.springframework.boot.test.autoconfigure.web.servlet.WebDriverContextCustomizerFactory$Customizer@29a8c2fa, org.springframework.boot.test.context.filter.ExcludeFilterContextCustomizer@76e00ac0, org.springframework.boot.test.json.DuplicateJsonObjectContextCustomizerFactory$DuplicateJsonObjectContextCustomizer@6a8d629f, org.springframework.boot.test.mock.mockito.MockitoContextCustomizer@0, org.springframework.boot.test.web.client.TestRestTemplateContextCustomizer@e23f188, org.springframework.boot.test.context.SpringBootTestArgs@1], resourceBasePath = 'src/main/webapp', contextLoader = 'org.springframework.boot.test.context.SpringBootContextLoader', parent = [null]], attributes = map['org.springframework.test.context.web.ServletTestExecutionListener.activateListener' -> true]], class annotated with @DirtiesContext [false] with mode [null].
00:35:04.401 [Test worker] DEBUG org.springframework.test.context.support.TestPropertySourceUtils - Adding inlined properties to environment: {spring.jmx.enabled=false, org.springframework.boot.test.context.SpringBootTestContextBootstrapper=true}

  .   ____          _            __ _ _
 /\\ / ___'_ __ _ _(_)_ __  __ _ \ \ \ \
( ( )\___ | '_ | '_| | '_ \/ _` | \ \ \ \
 \\/  ___)| |_)| | | | | || (_| |  ) ) ) )
  '  |____| .__|_| |_|_| |_\__, | / / / /
 =========|_|==============|___/=/_/_/_/
 :: Spring Boot ::        (v2.3.4.RELEASE)

2020-09-30 00:35:05.087  INFO 20827 --- [    Test worker] c.cccr.abocado.AbocadoApplicationTests   : Starting AbocadoApplicationTests on Damian with PID 20827 (started by demian in /home/demian/Desktop/abocado-main-prj/abocado-web)
2020-09-30 00:35:05.090  INFO 20827 --- [    Test worker] c.cccr.abocado.AbocadoApplicationTests   : No active profile set, falling back to default profiles: default
2020-09-30 00:35:07.514  INFO 20827 --- [    Test worker] o.s.s.concurrent.ThreadPoolTaskExecutor  : Initializing ExecutorService 'applicationTaskExecutor'
2020-09-30 00:35:08.045  INFO 20827 --- [    Test worker] c.cccr.abocado.AbocadoApplicationTests   : Started AbocadoApplicationTests in 3.627 seconds (JVM running for 5.602)
]]></system-out>
  <system-err><![CDATA[]]></system-err>
</testsuite>
