<?xml version="1.0" encoding="UTF-8"?>
<testsuite name="com.cccr.abocado.AbocadoApplicationTests" tests="1" skipped="0" failures="0" errors="0" timestamp="2020-10-06T05:29:41" hostname="DESKTOP-9SJBSG3" time="1.594">
  <properties/>
  <testcase name="contextLoads()" classname="com.cccr.abocado.AbocadoApplicationTests" time="1.594"/>
  <system-out><![CDATA[14:29:29.633 [Test worker] DEBUG org.springframework.test.context.BootstrapUtils - Instantiating CacheAwareContextLoaderDelegate from class [org.springframework.test.context.cache.DefaultCacheAwareContextLoaderDelegate]
14:29:29.687 [Test worker] DEBUG org.springframework.test.context.BootstrapUtils - Instantiating BootstrapContext using constructor [public org.springframework.test.context.support.DefaultBootstrapContext(java.lang.Class,org.springframework.test.context.CacheAwareContextLoaderDelegate)]
14:29:29.792 [Test worker] DEBUG org.springframework.test.context.BootstrapUtils - Instantiating TestContextBootstrapper for test class [com.cccr.abocado.AbocadoApplicationTests] from class [org.springframework.boot.test.context.SpringBootTestContextBootstrapper]
14:29:29.853 [Test worker] INFO org.springframework.boot.test.context.SpringBootTestContextBootstrapper - Neither @ContextConfiguration nor @ContextHierarchy found for test class [com.cccr.abocado.AbocadoApplicationTests], using SpringBootContextLoader
14:29:29.869 [Test worker] DEBUG org.springframework.test.context.support.AbstractContextLoader - Did not detect default resource location for test class [com.cccr.abocado.AbocadoApplicationTests]: class path resource [com/cccr/abocado/AbocadoApplicationTests-context.xml] does not exist
14:29:29.871 [Test worker] DEBUG org.springframework.test.context.support.AbstractContextLoader - Did not detect default resource location for test class [com.cccr.abocado.AbocadoApplicationTests]: class path resource [com/cccr/abocado/AbocadoApplicationTestsContext.groovy] does not exist
14:29:29.872 [Test worker] INFO org.springframework.test.context.support.AbstractContextLoader - Could not detect default resource locations for test class [com.cccr.abocado.AbocadoApplicationTests]: no resource found for suffixes {-context.xml, Context.groovy}.
14:29:29.875 [Test worker] INFO org.springframework.test.context.support.AnnotationConfigContextLoaderUtils - Could not detect default configuration classes for test class [com.cccr.abocado.AbocadoApplicationTests]: AbocadoApplicationTests does not declare any static, non-private, non-final, nested classes annotated with @Configuration.
14:29:30.025 [Test worker] DEBUG org.springframework.test.context.support.ActiveProfilesUtils - Could not find an 'annotation declaring class' for annotation type [org.springframework.test.context.ActiveProfiles] and class [com.cccr.abocado.AbocadoApplicationTests]
14:29:30.306 [Test worker] DEBUG org.springframework.context.annotation.ClassPathScanningCandidateComponentProvider - Identified candidate component class: file [/mnt/c/Users/14U530/abocado/abocado-web/build/classes/java/main/com/cccr/abocado/AbocadoApplication.class]
14:29:30.310 [Test worker] INFO org.springframework.boot.test.context.SpringBootTestContextBootstrapper - Found @SpringBootConfiguration com.cccr.abocado.AbocadoApplication for test class com.cccr.abocado.AbocadoApplicationTests
14:29:30.776 [Test worker] DEBUG org.springframework.boot.test.context.SpringBootTestContextBootstrapper - @TestExecutionListeners is not present for class [com.cccr.abocado.AbocadoApplicationTests]: using defaults.
14:29:30.778 [Test worker] INFO org.springframework.boot.test.context.SpringBootTestContextBootstrapper - Loaded default TestExecutionListener class names from location [META-INF/spring.factories]: [org.springframework.boot.test.autoconfigure.restdocs.RestDocsTestExecutionListener, org.springframework.boot.test.autoconfigure.web.client.MockRestServiceServerResetTestExecutionListener, org.springframework.boot.test.autoconfigure.web.servlet.MockMvcPrintOnlyOnFailureTestExecutionListener, org.springframework.boot.test.autoconfigure.web.servlet.WebDriverTestExecutionListener, org.springframework.boot.test.autoconfigure.webservices.client.MockWebServiceServerTestExecutionListener, org.springframework.boot.test.mock.mockito.MockitoTestExecutionListener, org.springframework.boot.test.mock.mockito.ResetMocksTestExecutionListener, org.springframework.test.context.web.ServletTestExecutionListener, org.springframework.test.context.support.DirtiesContextBeforeModesTestExecutionListener, org.springframework.test.context.support.DependencyInjectionTestExecutionListener, org.springframework.test.context.support.DirtiesContextTestExecutionListener, org.springframework.test.context.transaction.TransactionalTestExecutionListener, org.springframework.test.context.jdbc.SqlScriptsTestExecutionListener, org.springframework.test.context.event.EventPublishingTestExecutionListener]
14:29:30.869 [Test worker] INFO org.springframework.boot.test.context.SpringBootTestContextBootstrapper - Using TestExecutionListeners: [org.springframework.test.context.web.ServletTestExecutionListener@6c5b1a23, org.springframework.test.context.support.DirtiesContextBeforeModesTestExecutionListener@4ec5553b, org.springframework.boot.test.mock.mockito.MockitoTestExecutionListener@469f3e8f, org.springframework.boot.test.autoconfigure.SpringBootDependencyInjectionTestExecutionListener@6b77a933, org.springframework.test.context.support.DirtiesContextTestExecutionListener@5fc93c7c, org.springframework.test.context.transaction.TransactionalTestExecutionListener@3b41c633, org.springframework.test.context.jdbc.SqlScriptsTestExecutionListener@415ec92, org.springframework.test.context.event.EventPublishingTestExecutionListener@527de312, org.springframework.boot.test.autoconfigure.restdocs.RestDocsTestExecutionListener@44c11ffd, org.springframework.boot.test.autoconfigure.web.client.MockRestServiceServerResetTestExecutionListener@71842908, org.springframework.boot.test.autoconfigure.web.servlet.MockMvcPrintOnlyOnFailureTestExecutionListener@5a5e3ad6, org.springframework.boot.test.autoconfigure.web.servlet.WebDriverTestExecutionListener@678627fc, org.springframework.boot.test.autoconfigure.webservices.client.MockWebServiceServerTestExecutionListener@2b74f206, org.springframework.boot.test.mock.mockito.ResetMocksTestExecutionListener@7b685209]
14:29:30.886 [Test worker] DEBUG org.springframework.test.context.support.AbstractDirtiesContextTestExecutionListener - Before test class: context [DefaultTestContext@5e3d629b testClass = AbocadoApplicationTests, testInstance = [null], testMethod = [null], testException = [null], mergedContextConfiguration = [WebMergedContextConfiguration@b43d264 testClass = AbocadoApplicationTests, locations = '{}', classes = '{class com.cccr.abocado.AbocadoApplication}', contextInitializerClasses = '[]', activeProfiles = '{}', propertySourceLocations = '{}', propertySourceProperties = '{org.springframework.boot.test.context.SpringBootTestContextBootstrapper=true}', contextCustomizers = set[org.springframework.boot.test.autoconfigure.properties.PropertyMappingContextCustomizer@0, org.springframework.boot.test.autoconfigure.web.servlet.WebDriverContextCustomizerFactory$Customizer@15a3abfd, org.springframework.boot.test.context.filter.ExcludeFilterContextCustomizer@9f86422, org.springframework.boot.test.json.DuplicateJsonObjectContextCustomizerFactory$DuplicateJsonObjectContextCustomizer@606e6c93, org.springframework.boot.test.mock.mockito.MockitoContextCustomizer@0, org.springframework.boot.test.web.client.TestRestTemplateContextCustomizer@685568c2, org.springframework.boot.test.context.SpringBootTestArgs@1], resourceBasePath = 'src/main/webapp', contextLoader = 'org.springframework.boot.test.context.SpringBootContextLoader', parent = [null]], attributes = map['org.springframework.test.context.web.ServletTestExecutionListener.activateListener' -> true]], class annotated with @DirtiesContext [false] with mode [null].
14:29:31.022 [Test worker] DEBUG org.springframework.test.context.support.TestPropertySourceUtils - Adding inlined properties to environment: {spring.jmx.enabled=false, org.springframework.boot.test.context.SpringBootTestContextBootstrapper=true}

  .   ____          _            __ _ _
 /\\ / ___'_ __ _ _(_)_ __  __ _ \ \ \ \
( ( )\___ | '_ | '_| | '_ \/ _` | \ \ \ \
 \\/  ___)| |_)| | | | | || (_| |  ) ) ) )
  '  |____| .__|_| |_|_| |_\__, | / / / /
 =========|_|==============|___/=/_/_/_/
 :: Spring Boot ::        (v2.3.4.RELEASE)

2020-10-06 14:29:32.445  INFO 951 --- [    Test worker] c.cccr.abocado.AbocadoApplicationTests   : Starting AbocadoApplicationTests on DESKTOP-9SJBSG3 with PID 951 (started by ubuntu in /mnt/c/Users/14U530/abocado/abocado-web)
2020-10-06 14:29:32.451  INFO 951 --- [    Test worker] c.cccr.abocado.AbocadoApplicationTests   : No active profile set, falling back to default profiles: default
2020-10-06 14:29:36.895  INFO 951 --- [    Test worker] com.zaxxer.hikari.HikariDataSource       : HikariPool-1 - Starting...
2020-10-06 14:29:37.664  INFO 951 --- [    Test worker] com.zaxxer.hikari.HikariDataSource       : HikariPool-1 - Start completed.
HikariDataSource (HikariPool-1)
2020-10-06 14:29:39.881  INFO 951 --- [    Test worker] o.s.s.concurrent.ThreadPoolTaskExecutor  : Initializing ExecutorService 'applicationTaskExecutor'
2020-10-06 14:29:41.841  INFO 951 --- [    Test worker] c.cccr.abocado.AbocadoApplicationTests   : Started AbocadoApplicationTests in 10.778 seconds (JVM running for 14.428)
]]></system-out>
  <system-err><![CDATA[]]></system-err>
</testsuite>
